C51 COMPILER V9.54   UARTFUNCTIONS                                                         07/19/2023 14:27:45 PAGE 1   


C51 COMPILER V9.54, COMPILATION OF MODULE UARTFUNCTIONS
OBJECT MODULE PLACED IN .\Objects\uartFunctions.obj
COMPILER INVOKED BY: E:\Software\Keil_v5\C51\BIN\C51.EXE uartFunctions.c OPTIMIZE(8,SPEED) BROWSE DEBUG OBJECTEXTEND PRI
                    -NT(.\Listings\uartFunctions.lst) TABS(2) OBJECT(.\Objects\uartFunctions.obj)

line level    source

   1          #include "timeOptions.h"
   2          #include "uartOptions.h"
   3          #include "kiloLib.h"
   4          #include <reg52.h>
   5          
   6          void SendData(BYTE msg)
   7          {
   8   1        SBUF = msg;   // 向缓存寄存器里面装载消息
   9   1        while(TI==0);   // 等待上一次的数据被发送
  10   1        TI = 0;       // 中断标志位清零
  11   1      }
  12          
  13          void SendString(char *s)
  14          {
  15   1        while (*s)
  16   1        {
  17   2          SendData(*s++);
  18   2        }
  19   1      }
  20          
  21          void InitUart()
  22          {
  23   1        //串口通信配置初始化
  24   1        SCON = 0x50;
  25   1        PCON |= 0x80;
  26   1        AUXR |= 0x40;
  27   1        AUXR &= 0xFE;
  28   1        TMOD &= 0x0F; //清零高八位，准备配置定时器1的模式
  29   1        TMOD |= 0x20; //将高八位控制定时器1的寄存器值设置为0b0010，即8bit自动重装定时器 
  30   1        TL1 = 0xFD;  //设置波特率为9600，此时使用计时器1的溢出频率4
  31   1        TH1 = 0xFD;
  32   1        ET1 = 0;
  33   1      }
  34          
  35          /*void Uart_Isr() interrupt 4 using 1
  36          {
  37            if(RI)
  38            {
  39              RI = 0;   //清除中断标志
  40            }
  41            
  42            if (TI)
  43            {
  44              TI= 0;
  45              uartBuzy = 0;
  46            }
  47          }*/


MODULE INFORMATION:   STATIC OVERLAYABLE
   CODE SIZE        =     72    ----
   CONSTANT SIZE    =   ----    ----
   XDATA SIZE       =   ----    ----
   PDATA SIZE       =   ----    ----
C51 COMPILER V9.54   UARTFUNCTIONS                                                         07/19/2023 14:27:45 PAGE 2   

   DATA SIZE        =   ----       3
   IDATA SIZE       =   ----    ----
   BIT SIZE         =   ----    ----
END OF MODULE INFORMATION.


C51 COMPILATION COMPLETE.  0 WARNING(S),  0 ERROR(S)
